[2013-03-14 15:52:14] Adobe ARM 1.5.5.0 logging started.
[2013-03-14 15:52:14] Command Line: 
[2013-03-14 15:52:14] ProductCode: {AC76BA86-7AD7-1046-7B44-AA1000000001}
[2013-03-14 15:52:14] ProductName: Adobe Reader X (10.1.1) - Português
[2013-03-14 15:52:14] ProductVersion: 10.1.1
[2013-03-14 15:52:14] ProductRegistry: SOFTWARE\Adobe\Acrobat Reader\10.0
[2013-03-14 15:52:14] ProductInstallDir: C:\Program Files (x86)\Adobe\Reader 10.0\
[2013-03-14 15:52:14] UAC Patching is found enabled
[2013-03-14 15:52:14] EULA not yet accepted
[2013-03-14 15:52:14] ** Setting Error Condition: 
[2013-03-14 15:52:14]    Error Code: 1007
[2013-03-14 15:52:15] ARM returns ERROR_SUCCESS
[2013-03-14 15:52:15] Adobe ARM 1.5.5.0 logging finished.



[2013-03-14 16:01:36] Adobe ARM 1.5.5.0 logging started.
[2013-03-14 16:01:36] Command Line: 
[2013-03-14 16:01:36] ProductCode: {AC76BA86-7AD7-1046-7B44-AA1000000001}
[2013-03-14 16:01:36] ProductName: Adobe Reader X (10.1.1) - Português
[2013-03-14 16:01:36] ProductVersion: 10.1.1
[2013-03-14 16:01:36] ProductRegistry: SOFTWARE\Adobe\Acrobat Reader\10.0
[2013-03-14 16:01:36] ProductInstallDir: C:\Program Files (x86)\Adobe\Reader 10.0\
[2013-03-14 16:01:36] UAC Patching is found enabled
[2013-03-14 16:01:36] EULA not yet accepted
[2013-03-14 16:01:36] ** Setting Error Condition: 
[2013-03-14 16:01:36]    Error Code: 1007
[2013-03-14 16:01:36] ARM returns ERROR_SUCCESS
[2013-03-14 16:01:36] Adobe ARM 1.5.5.0 logging finished.



[2013-03-14 16:10:47] Adobe ARM 1.5.5.0 logging started.
[2013-03-14 16:10:47] Command Line: 
[2013-03-14 16:10:47] ProductCode: {AC76BA86-7AD7-1046-7B44-AA1000000001}
[2013-03-14 16:10:47] ProductName: Adobe Reader X (10.1.1) - Português
[2013-03-14 16:10:47] ProductVersion: 10.1.1
[2013-03-14 16:10:47] ProductRegistry: SOFTWARE\Adobe\Acrobat Reader\10.0
[2013-03-14 16:10:47] ProductInstallDir: C:\Program Files (x86)\Adobe\Reader 10.0\
[2013-03-14 16:10:47] UAC Patching is found enabled
[2013-03-14 16:10:47] EULA not yet accepted
[2013-03-14 16:10:47] ** Setting Error Condition: 
[2013-03-14 16:10:47]    Error Code: 1007
[2013-03-14 16:10:47] ARM returns ERROR_SUCCESS
[2013-03-14 16:10:47] Adobe ARM 1.5.5.0 logging finished.



[2013-03-14 16:25:29] Adobe ARM 1.5.5.0 logging started.
[2013-03-14 16:25:30] Command Line: 
[2013-03-14 16:25:30] ProductCode: {AC76BA86-7AD7-1046-7B44-AA1000000001}
[2013-03-14 16:25:30] ProductName: Adobe Reader X (10.1.1) - Português
[2013-03-14 16:25:30] ProductVersion: 10.1.1
[2013-03-14 16:25:30] ProductRegistry: SOFTWARE\Adobe\Acrobat Reader\10.0
[2013-03-14 16:25:30] ProductInstallDir: C:\Program Files (x86)\Adobe\Reader 10.0\
[2013-03-14 16:25:30] UAC Patching is found enabled
[2013-03-14 16:25:30] EULA not yet accepted
[2013-03-14 16:25:30] ** Setting Error Condition: 
[2013-03-14 16:25:30]    Error Code: 1007
[2013-03-14 16:25:30] ARM returns ERROR_SUCCESS
[2013-03-14 16:25:30] Adobe ARM 1.5.5.0 logging finished.



[2013-03-14 16:39:09] Adobe ARM 1.5.5.0 logging started.
[2013-03-14 16:39:09] Command Line: 
[2013-03-14 16:39:09] ProductCode: {AC76BA86-7AD7-1046-7B44-AA1000000001}
[2013-03-14 16:39:09] ProductName: Adobe Reader X (10.1.1) - Português
[2013-03-14 16:39:09] ProductVersion: 10.1.1
[2013-03-14 16:39:09] ProductRegistry: SOFTWARE\Adobe\Acrobat Reader\10.0
[2013-03-14 16:39:09] ProductInstallDir: C:\Program Files (x86)\Adobe\Reader 10.0\
[2013-03-14 16:39:09] UAC Patching is found enabled
[2013-03-14 16:39:09] EULA not yet accepted
[2013-03-14 16:39:09] ** Setting Error Condition: 
[2013-03-14 16:39:09]    Error Code: 1007
[2013-03-14 16:39:09] ARM returns ERROR_SUCCESS
[2013-03-14 16:39:09] Adobe ARM 1.5.5.0 logging finished.
