2013-03-14T18:52:14: >>> Adobe Updater Log Begin >>>
2013-03-14T18:52:14: Application Version: 6.0.0.67
2013-03-14T18:52:14: cmdline option: -logFile = C:\Users\padrao\AppData\Local\Adobe\AAMUpdater\1.0\aamul.log
2013-03-14T18:52:14: cmdline option: -logLevel = 2
2013-03-14T18:52:14: StartupUtility : Loaded at startup/logon.
2013-03-14T18:52:14: UCIsUpdaterEnabled : UpdaterIsEnabled.
2013-03-14T18:52:14: Updater has never been run on the machine.
2013-03-14T18:52:14: StartupUtility : Window is NOT Elapsed.
2013-03-14T18:52:14: <<< Adobe Updater Log End <<<


2013-03-14T19:01:36: >>> Adobe Updater Log Begin >>>
2013-03-14T19:01:36: Application Version: 6.0.0.67
2013-03-14T19:01:36: cmdline option: -logFile = C:\Users\padrao\AppData\Local\Adobe\AAMUpdater\1.0\aamul.log
2013-03-14T19:01:36: cmdline option: -logLevel = 2
2013-03-14T19:01:36: StartupUtility : Loaded at startup/logon.
2013-03-14T19:01:36: UCIsUpdaterEnabled : UpdaterIsEnabled.
2013-03-14T19:01:36: Updater has never been run on the machine.
2013-03-14T19:01:36: StartupUtility : Window is NOT Elapsed.
2013-03-14T19:01:36: <<< Adobe Updater Log End <<<


2013-03-14T19:10:47: >>> Adobe Updater Log Begin >>>
2013-03-14T19:10:47: Application Version: 6.0.0.67
2013-03-14T19:10:47: cmdline option: -logFile = C:\Users\padrao\AppData\Local\Adobe\AAMUpdater\1.0\aamul.log
2013-03-14T19:10:47: cmdline option: -logLevel = 2
2013-03-14T19:10:47: StartupUtility : Loaded at startup/logon.
2013-03-14T19:10:47: UCIsUpdaterEnabled : UpdaterIsEnabled.
2013-03-14T19:10:47: Updater has never been run on the machine.
2013-03-14T19:10:47: StartupUtility : Window is NOT Elapsed.
2013-03-14T19:10:47: <<< Adobe Updater Log End <<<


2013-03-14T19:25:30: >>> Adobe Updater Log Begin >>>
2013-03-14T19:25:30: Application Version: 6.0.0.67
2013-03-14T19:25:30: cmdline option: -logFile = C:\Users\padrao\AppData\Local\Adobe\AAMUpdater\1.0\aamul.log
2013-03-14T19:25:30: cmdline option: -logLevel = 2
2013-03-14T19:25:30: StartupUtility : Loaded at startup/logon.
2013-03-14T19:25:30: UCIsUpdaterEnabled : UpdaterIsEnabled.
2013-03-14T19:25:30: Updater has never been run on the machine.
2013-03-14T19:25:30: StartupUtility : Window is NOT Elapsed.
2013-03-14T19:25:30: <<< Adobe Updater Log End <<<


2013-03-14T19:39:09: >>> Adobe Updater Log Begin >>>
2013-03-14T19:39:09: Application Version: 6.0.0.67
2013-03-14T19:39:09: cmdline option: -logFile = C:\Users\padrao\AppData\Local\Adobe\AAMUpdater\1.0\aamul.log
2013-03-14T19:39:09: cmdline option: -logLevel = 2
2013-03-14T19:39:09: StartupUtility : Loaded at startup/logon.
2013-03-14T19:39:09: UCIsUpdaterEnabled : UpdaterIsEnabled.
2013-03-14T19:39:09: Updater has never been run on the machine.
2013-03-14T19:39:09: StartupUtility : Window is NOT Elapsed.
2013-03-14T19:39:09: <<< Adobe Updater Log End <<<


